============================= test session starts ==============================
platform linux -- Python 3.14.2, pytest-9.0.2, pluggy-1.6.0
rootdir: /home/sheepdestroyer/LAB/SheepVibes
configfile: pytest.ini
plugins: mock-3.15.1, env-1.2.0
collected 87 items

backend/test_app.py .................................................... [ 59%]
..................                                                       [ 80%]
backend/test_feed.py s...............                                    [ 98%]
test_opml_import.py .                                                    [100%]

======================== 86 passed, 1 skipped in 1.63s =========================
